<?xml version="1.0" encoding="UTF-8"?>
<testsuite xmlns:xsi="http://www.w3.org/2001/XMLSchema-instance" xsi:noNamespaceSchemaLocation="https://maven.apache.org/surefire/maven-surefire-plugin/xsd/surefire-test-report.xsd" name="com.example.cartservice.service.CartServiceTest" time="0.155" tests="8" errors="0" skipped="0" failures="0">
  <properties>
[...]
</properties>
  <testcase name="updateQuantity_negativeQuantity_throwsIllegalArgumentException" classname="com.example.cartservice.service.CartServiceTest" time="0.128"/>
  <testcase name="updateQuantity_zeroQuantity_throwsIllegalArgumentException" classname="com.example.cartservice.service.CartServiceTest" time="0.001"/>
  <testcase name="updateQuantity_missingItem_throwsEntityNotFoundException" classname="com.example.cartservice.service.CartServiceTest" time="0.007"/>
  <testcase name="removeItem_existingItem_deletesSuccessfully" classname="com.example.cartservice.service.CartServiceTest" time="0.002"/>
  <testcase name="updateQuantity_minimumQuantityOne_succeeds" classname="com.example.cartservice.service.CartServiceTest" time="0.002"/>
  <testcase name="updateQuantity_validQuantity_updatesAndReturnsSaved" classname="com.example.cartservice.service.CartServiceTest" time="0.002"/>
  <testcase name="removeItem_callsExistsByIdWithCorrectId" classname="com.example.cartservice.service.CartServiceTest" time="0.002"/>
  <testcase name="removeItem_missingItem_throwsEntityNotFoundException" classname="com.example.cartservice.service.CartServiceTest" time="0.004"/>
</testsuite>