<?xml version="1.0" encoding="UTF-8"?>
<testsuite xmlns:xsi="http://www.w3.org/2001/XMLSchema-instance" xsi:noNamespaceSchemaLocation="https://maven.apache.org/surefire/maven-surefire-plugin/xsd/surefire-test-report-3.0.xsd" version="3.0" name="com.ecommerce.catalogservice.exception.GlobalExceptionHandlerTest" time="0.632" tests="6" errors="0" skipped="0" failures="0">
  <properties>
[...]
</properties>
  <testcase name="productNotFound_returns404" classname="com.ecommerce.catalogservice.exception.GlobalExceptionHandlerTest" time="0.022">
    <system-out><![CDATA[2026-08-11T19:14:03.989Z  INFO 2103 --- [           main] t.c.s.AnnotationConfigContextLoaderUtils : Could not detect default configuration classes for test class [com.ecommerce.catalogservice.exception.GlobalExceptionHandlerTest]: GlobalExceptionHandlerTest does not declare any static, non-private, non-final, nested classes annotated with @Configuration.
2026-08-11T19:14:04.011Z  INFO 2103 --- [           main] .b.t.c.SpringBootTestContextBootstrapper : Found @SpringBootConfiguration com.ecommerce.catalogservice.CatalogServiceApplication for test class com.ecommerce.catalogservice.exception.GlobalExceptionHandlerTest

  .   ____          _            __ _ _
 /\\ / ___'_ __ _ _(_)_ __  __ _ \ \ \ \
( ( )\___ | '_ | '_| | '_ \/ _` | \ \ \ \
 \\/  ___)| |_)| | | | | || (_| |  ) ) ) )
  '  |____| .__|_| |_|_| |_\__, | / / / /
 =========|_|==============|___/=/_/_/_/
 :: Spring Boot ::                (v3.2.0)

2026-08-11T19:14:04.058Z  INFO 2103 --- [           main] c.e.c.e.GlobalExceptionHandlerTest       : Starting GlobalExceptionHandlerTest using Java 17.0.20 with PID 2103 (started by node in /mnt/workspace/matheus-1618/E-commerce-project-springBoot/microservices/catalog-service)
2026-08-11T19:14:04.058Z  INFO 2103 --- [           main] c.e.c.e.GlobalExceptionHandlerTest       : No active profile set, falling back to 1 default profile: "default"
2026-08-11T19:14:04.436Z  INFO 2103 --- [           main] o.s.b.t.m.w.SpringBootMockServletContext : Initializing Spring TestDispatcherServlet ''
2026-08-11T19:14:04.437Z  INFO 2103 --- [           main] o.s.t.web.servlet.TestDispatcherServlet  : Initializing Servlet ''
2026-08-11T19:14:04.437Z  INFO 2103 --- [           main] o.s.t.web.servlet.TestDispatcherServlet  : Completed initialization in 0 ms
2026-08-11T19:14:04.446Z  INFO 2103 --- [           main] c.e.c.e.GlobalExceptionHandlerTest       : Started GlobalExceptionHandlerTest in 0.432 seconds (process running for 8.407)
]]></system-out>
  </testcase>
  <testcase name="errorResponse_doesNotExposeStackTrace" classname="com.ecommerce.catalogservice.exception.GlobalExceptionHandlerTest" time="0.099"/>
  <testcase name="categoryNotFound_returns404" classname="com.ecommerce.catalogservice.exception.GlobalExceptionHandlerTest" time="0.011"/>
  <testcase name="unhandledException_returns500" classname="com.ecommerce.catalogservice.exception.GlobalExceptionHandlerTest" time="0.009"/>
  <testcase name="catalogConflict_returns409" classname="com.ecommerce.catalogservice.exception.GlobalExceptionHandlerTest" time="0.008"/>
  <testcase name="catalogValidation_returns400" classname="com.ecommerce.catalogservice.exception.GlobalExceptionHandlerTest" time="0.009"/>
</testsuite>